TN:
SF:src/Note/Note.ts
FN:6,(anonymous_0)
FN:32,(anonymous_1)
FNF:2
FNH:2
FNDA:1,(anonymous_0)
FNDA:9,(anonymous_1)
DA:6,1
DA:30,1
DA:33,9
DA:34,9
DA:35,9
DA:36,9
DA:38,3
DA:39,3
DA:40,3
DA:42,1
DA:43,1
DA:44,1
DA:46,1
DA:47,1
DA:48,1
DA:50,4
DA:51,4
DA:52,4
LF:18
LH:18
BRDA:6,0,0,1
BRDA:6,0,1,1
BRDA:35,1,0,3
BRDA:37,2,0,3
BRDA:37,2,1,1
BRDA:37,2,2,1
BRDA:37,2,3,4
BRF:7
BRH:7
end_of_record
TN:
SF:src/Note/ProcessNote.ts
FN:18,(anonymous_0)
FN:25,(anonymous_1)
FN:37,(anonymous_2)
FN:46,(anonymous_3)
FN:55,(anonymous_4)
FN:62,(anonymous_5)
FN:63,(anonymous_6)
FN:73,(anonymous_7)
FN:88,(anonymous_8)
FN:99,(anonymous_9)
FN:114,(anonymous_10)
FNF:11
FNH:11
FNDA:4,(anonymous_0)
FNDA:1,(anonymous_1)
FNDA:1,(anonymous_2)
FNDA:1,(anonymous_3)
FNDA:1,(anonymous_4)
FNDA:1,(anonymous_5)
FNDA:1,(anonymous_6)
FNDA:2,(anonymous_7)
FNDA:2,(anonymous_8)
FNDA:2,(anonymous_9)
FNDA:4,(anonymous_10)
DA:2,1
DA:3,1
DA:4,1
DA:10,1
DA:18,4
DA:19,4
DA:26,1
DA:27,1
DA:28,1
DA:29,1
DA:31,0
DA:38,1
DA:39,1
DA:47,1
DA:48,1
DA:56,1
DA:63,1
DA:64,1
DA:74,2
DA:75,2
DA:76,2
DA:77,2
DA:78,2
DA:79,2
DA:80,2
DA:81,2
DA:89,2
DA:90,2
DA:100,2
DA:101,1
DA:102,1
DA:103,0
DA:105,2
DA:115,4
DA:116,1
DA:118,3
LF:36
LH:34
BRDA:27,0,0,1
BRDA:27,0,1,0
BRDA:38,1,0,1
BRDA:38,1,1,0
BRDA:47,2,0,1
BRDA:47,2,1,0
BRDA:74,3,0,2
BRDA:74,3,1,0
BRDA:100,4,0,1
BRDA:100,4,1,1
BRDA:100,5,0,2
BRDA:100,5,1,1
BRDA:102,6,0,0
BRDA:102,6,1,1
BRDA:115,7,0,1
BRDA:115,7,1,3
BRF:16
BRH:11
end_of_record
